\BOOKMARK [0][-]{section*.1}{\376\377\000P\000H\0004\0005\0000\000\040\000R\000e\000p\000o\000r\000t\000\040\0002\0000\0002\0001\000-\0002\0002\000\040\0001\000c\000m\000\040\000E\000v\000a\000l\000u\000a\000t\000i\000n\000g\000\040\000S\000p\000o\000t\000\040\000F\000i\000n\000d\000i\000n\000g\000\040\000M\000e\000t\000h\000o\000d\000s\000[\0000\000.\0005\000c\000m\000]\000\040\000S\000u\000b\000m\000i\000t\000t\000e\000d\000\040\000i\000n\000\040\000p\000a\000r\000t\000i\000a\000l\000\040\000f\000u\000l\000f\000i\000l\000m\000e\000n\000t\000\040\000f\000o\000r\000\040\000t\000h\000e\000\040\000d\000e\000g\000r\000e\000e\000\040\000o\000f\000\040\000M\000P\000h\000y\000s}{}% 1
\BOOKMARK [1][-]{section*.2}{\376\377\000A\000b\000s\000t\000r\000a\000c\000t}{section*.1}% 2
\BOOKMARK [1][-]{section*.2}{\376\377\000A\000c\000k\000n\000o\000w\000l\000e\000d\000g\000e\000m\000e\000n\000t\000s}{section*.1}% 3
\BOOKMARK [1][-]{section*.2}{\376\377\000L\000i\000s\000t\000\040\000o\000f\000\040\000F\000i\000g\000u\000r\000e\000s}{section*.1}% 4
\BOOKMARK [1][-]{section*.2}{\376\377\000L\000i\000s\000t\000\040\000o\000f\000\040\000T\000a\000b\000l\000e\000s}{section*.1}% 5
\BOOKMARK [1][-]{section.1}{\376\377\000I\000n\000t\000r\000o\000d\000u\000c\000t\000i\000o\000n}{section*.1}% 6
\BOOKMARK [2][-]{subsection.1.1}{\376\377\000S\000u\000b\000-\000P\000i\000x\000e\000l\000\040\000L\000o\000c\000a\000l\000i\000s\000a\000t\000i\000o\000n}{section.1}% 7
\BOOKMARK [3][-]{subsubsection.1.1.1}{\376\377\000P\000i\000x\000e\000l\000s\000\040\000a\000n\000d\000\040\000R\000e\000s\000o\000l\000u\000t\000i\000o\000n}{subsection.1.1}% 8
\BOOKMARK [3][-]{subsubsection.1.1.2}{\376\377\000F\000l\000u\000o\000r\000o\000p\000h\000o\000r\000e\000s}{subsection.1.1}% 9
\BOOKMARK [2][-]{subsection.1.2}{\376\377\000M\000o\000t\000i\000v\000a\000t\000i\000o\000n}{section.1}% 10
\BOOKMARK [1][-]{section.2}{\376\377\000M\000e\000t\000h\000o\000d\000s}{section*.1}% 11
\BOOKMARK [2][-]{subsection.2.1}{\376\377\000C\000e\000n\000t\000r\000o\000i\000d\000i\000n\000g}{section.2}% 12
\BOOKMARK [2][-]{subsection.2.2}{\376\377\000F\000i\000t\000t\000i\000n\000g\000\040\000m\000e\000t\000h\000o\000d\000s}{section.2}% 13
\BOOKMARK [3][-]{subsubsection.2.2.1}{\376\377\000P\000o\000i\000n\000t\000\040\000S\000p\000r\000e\000a\000d\000\040\000F\000u\000n\000c\000t\000i\000o\000n}{subsection.2.2}% 14
\BOOKMARK [3][-]{subsubsection.2.2.2}{\376\377\000G\000a\000u\000s\000s\000i\000a\000n}{subsection.2.2}% 15
\BOOKMARK [3][-]{subsubsection.2.2.3}{\376\377\000T\000r\000i\000a\000n\000g\000u\000l\000a\000r\000\040\000m\000e\000t\000h\000o\000d}{subsection.2.2}% 16
\BOOKMARK [1][-]{section.3}{\376\377\000R\000e\000s\000u\000l\000t\000s\000\040\000a\000n\000d\000\040\000a\000n\000a\000l\000y\000s\000i\000s}{section*.1}% 17
\BOOKMARK [2][-]{subsection.3.1}{\376\377\000C\000e\000n\000t\000r\000o\000i\000d\000i\000n\000g}{section.3}% 18
\BOOKMARK [2][-]{subsection.3.2}{\376\377\000T\000r\000i\000a\000n\000g\000l\000e\000\040\000F\000i\000t\000t\000i\000n\000g}{section.3}% 19
\BOOKMARK [1][-]{section.4}{\376\377\000D\000i\000s\000c\000u\000s\000s\000i\000o\000n}{section*.1}% 20
\BOOKMARK [2][-]{subsection.4.1}{\376\377\000F\000u\000t\000u\000r\000e\000\040\000w\000o\000r\000k}{section.4}% 21
\BOOKMARK [1][-]{section.5}{\376\377\000C\000o\000n\000c\000l\000u\000s\000i\000o\000n}{section*.1}% 22
\BOOKMARK [1][-]{section.5}{\376\377\000R\000e\000f\000e\000r\000e\000n\000c\000e\000s}{section*.1}% 23
\BOOKMARK [1][-]{appendix.A}{\376\377\000A\000p\000p\000e\000n\000d\000i\000x}{section*.1}% 24
